  Source.cpp
D:\NamBaDaiHoc\DoHoaMayTinh\ThucHanh\Plane3D\Plane3D\Source.cpp(11,15): warning C4305: 'initializing': truncation from 'double' to 'GLfloat'
D:\NamBaDaiHoc\DoHoaMayTinh\ThucHanh\Plane3D\Plane3D\Source.cpp(36,22): warning C4305: 'argument': truncation from 'double' to 'GLfloat'
D:\NamBaDaiHoc\DoHoaMayTinh\ThucHanh\Plane3D\Plane3D\Source.cpp(68,16): warning C4305: 'argument': truncation from 'double' to 'GLfloat'
D:\NamBaDaiHoc\DoHoaMayTinh\ThucHanh\Plane3D\Plane3D\Source.cpp(130,23): warning C4305: 'argument': truncation from 'double' to 'GLfloat'
D:\NamBaDaiHoc\DoHoaMayTinh\ThucHanh\Plane3D\Plane3D\Source.cpp(166,24): warning C4305: 'argument': truncation from 'double' to 'GLfloat'
D:\NamBaDaiHoc\DoHoaMayTinh\ThucHanh\Plane3D\Plane3D\Source.cpp(173,15): warning C4305: 'argument': truncation from 'double' to 'GLfloat'
D:\NamBaDaiHoc\DoHoaMayTinh\ThucHanh\Plane3D\Plane3D\Source.cpp(179,15): warning C4305: 'argument': truncation from 'double' to 'GLfloat'
D:\NamBaDaiHoc\DoHoaMayTinh\ThucHanh\Plane3D\Plane3D\Source.cpp(185,15): warning C4305: 'argument': truncation from 'double' to 'GLfloat'
D:\NamBaDaiHoc\DoHoaMayTinh\ThucHanh\Plane3D\Plane3D\Source.cpp(207,27): warning C4305: 'argument': truncation from 'double' to 'GLfloat'
D:\NamBaDaiHoc\DoHoaMayTinh\ThucHanh\Plane3D\Plane3D\Source.cpp(214,28): warning C4305: 'argument': truncation from 'double' to 'GLfloat'
D:\NamBaDaiHoc\DoHoaMayTinh\ThucHanh\Plane3D\Plane3D\Source.cpp(222,14): warning C4244: '=': conversion from 'double' to 'GLfloat', possible loss of data
D:\NamBaDaiHoc\DoHoaMayTinh\ThucHanh\Plane3D\Plane3D\Source.cpp(261,20): warning C4305: 'argument': truncation from 'double' to 'GLclampf'
D:\NamBaDaiHoc\DoHoaMayTinh\ThucHanh\Plane3D\Plane3D\Source.cpp(261,15): warning C4305: 'argument': truncation from 'double' to 'GLclampf'
D:\NamBaDaiHoc\DoHoaMayTinh\ThucHanh\Plane3D\Plane3D\Source.cpp(277,33): warning C4305: 'initializing': truncation from 'double' to 'GLfloat'
D:\NamBaDaiHoc\DoHoaMayTinh\ThucHanh\Plane3D\Plane3D\Source.cpp(277,38): warning C4305: 'initializing': truncation from 'double' to 'GLfloat'
D:\NamBaDaiHoc\DoHoaMayTinh\ThucHanh\Plane3D\Plane3D\Source.cpp(278,33): warning C4305: 'initializing': truncation from 'double' to 'GLfloat'
D:\NamBaDaiHoc\DoHoaMayTinh\ThucHanh\Plane3D\Plane3D\Source.cpp(278,38): warning C4305: 'initializing': truncation from 'double' to 'GLfloat'
D:\NamBaDaiHoc\DoHoaMayTinh\ThucHanh\Plane3D\Plane3D\Source.cpp(285,30): warning C4305: 'initializing': truncation from 'double' to 'GLfloat'
D:\NamBaDaiHoc\DoHoaMayTinh\ThucHanh\Plane3D\Plane3D\Source.cpp(285,35): warning C4305: 'initializing': truncation from 'double' to 'GLfloat'
D:\NamBaDaiHoc\DoHoaMayTinh\ThucHanh\Plane3D\Plane3D\Source.cpp(285,40): warning C4305: 'initializing': truncation from 'double' to 'GLfloat'
D:\NamBaDaiHoc\DoHoaMayTinh\ThucHanh\Plane3D\Plane3D\Source.cpp(286,30): warning C4305: 'initializing': truncation from 'double' to 'GLfloat'
D:\NamBaDaiHoc\DoHoaMayTinh\ThucHanh\Plane3D\Plane3D\Source.cpp(286,35): warning C4305: 'initializing': truncation from 'double' to 'GLfloat'
D:\NamBaDaiHoc\DoHoaMayTinh\ThucHanh\Plane3D\Plane3D\Source.cpp(286,40): warning C4305: 'initializing': truncation from 'double' to 'GLfloat'
  Plane3D.vcxproj -> D:\NamBaDaiHoc\DoHoaMayTinh\ThucHanh\Plane3D\x64\Debug\Plane3D.exe
